#
# There is insufficient memory for the Java Runtime Environment to continue.
# Native memory allocation (malloc) failed to allocate 1048576 bytes for AllocateHeap
# Possible reasons:
#   The system is out of physical RAM or swap space
#   The process is running with CompressedOops enabled, and the Java Heap may be blocking the growth of the native heap
# Possible solutions:
#   Reduce memory load on the system
#   Increase physical memory or swap space
#   Check if swap backing store is full
#   Decrease Java heap size (-Xmx/-Xms)
#   Decrease number of Java threads
#   Decrease Java thread stack sizes (-Xss)
#   Set larger code cache with -XX:ReservedCodeCacheSize=
#   JVM is running with Unscaled Compressed Oops mode in which the Java heap is
#     placed in the first 4GB address space. The Java Heap base address is the
#     maximum limit for the native heap growth. Please use -XX:HeapBaseMinAddress
#     to set the Java Heap base and to place the Java Heap above 4GB virtual address.
# This output file may be truncated or incomplete.
#
#  Out of Memory Error (allocation.cpp:44), pid=12404, tid=4968
#
# JRE version:  (17.0.4.1+7) (build )
# Java VM: OpenJDK 64-Bit Server VM (17.0.4.1+7-b469.62, mixed mode, sharing, tiered, compressed oops, compressed class ptrs, g1 gc, windows-amd64)
# No core dump will be written. Minidumps are not enabled by default on client versions of Windows
#

---------------  S U M M A R Y ------------

Command Line: git4idea.http.GitAskPassApp Username for 'https://github.com': 

Host: AMD Ryzen 3 3250U with Radeon Graphics         , 4 cores, 5G,  Windows 11 , 64 bit Build 22621 (10.0.22621.608)
Time: Mon Oct 31 02:14:42 2022 Hora estándar central (México) elapsed time: 0.126182 seconds (0d 0h 0m 0s)

---------------  T H R E A D  ---------------

Current thread (0x000001600d020130):  JavaThread "Unknown thread" [_thread_in_vm, id=4968, stack(0x000000270a700000,0x000000270a800000)]

Stack: [0x000000270a700000,0x000000270a800000]
Native frames: (J=compiled Java code, j=interpreted, Vv=VM code, C=native code)
V  [jvm.dll+0x68356a]
V  [jvm.dll+0x83fab4]
V  [jvm.dll+0x84125e]
V  [jvm.dll+0x8418c3]
V  [jvm.dll+0x249735]
V  [jvm.dll+0xa64cf]
V  [jvm.dll+0x2e88a7]
V  [jvm.dll+0x2e059b]
V  [jvm.dll+0x8112a1]
V  [jvm.dll+0x36e6f1]
V  [jvm.dll+0x7f076c]
V  [jvm.dll+0x3f180f]
V  [jvm.dll+0x3f3351]
C  [jli.dll+0x526b]
C  [ucrtbase.dll+0x29363]
C  [KERNEL32.DLL+0x1244d]
C  [ntdll.dll+0x5df78]


---------------  P R O C E S S  ---------------

Threads class SMR info:
_java_thread_list=0x00007fff9aff7f58, length=0, elements={
}

Java Threads: ( => current thread )

Other Threads:
  0x000001600d06bec0 GCTaskThread "GC Thread#0" [stack: 0x000000270a800000,0x000000270a900000] [id=3608]

[error occurred during error reporting (printing all threads), id 0xc0000005, EXCEPTION_ACCESS_VIOLATION (0xc0000005) at pc=0x00007fff9a7ad7f0]

VM state: not at safepoint (not fully initialized)

VM Mutex/Monitor currently owned by a thread:  ([mutex/lock_event])
[0x000001600d01c710] Heap_lock - owner thread: 0x000001600d020130

Heap address: 0x00000000a0e00000, size: 1522 MB, Compressed Oops mode: 32-bit

CDS archive(s) mapped at: [0x0000000000000000-0x0000000000000000-0x0000000000000000), size 0, SharedBaseAddress: 0x0000000800000000, ArchiveRelocationMode: 0.
Narrow klass base: 0x0000000000000000, Narrow klass shift: 0, Narrow klass range: 0x0

GC Precious Log:
<Empty>

Heap:
 garbage-first heap   total 0K, used 0K [0x00000000a0e00000, 0x0000000100000000)
  region size 1024K, 0 young (0K), 0 survivors (0K)

[error occurred during error reporting (printing heap information), id 0xc0000005, EXCEPTION_ACCESS_VIOLATION (0xc0000005) at pc=0x00007fff9ab9d1f9]

GC Heap History (0 events):
No events

Deoptimization events (0 events):
No events

Classes unloaded (0 events):
No events

Classes redefined (0 events):
No events

Internal exceptions (0 events):
No events

VM Operations (0 events):
No events

Events (1 events):
Event: 0.050 Loaded shared library C:\Program Files\JetBrains\WebStorm 2022.1.4\jbr\bin\java.dll


Dynamic libraries:
0x00007ff7e0470000 - 0x00007ff7e047a000 	C:\Program Files\JetBrains\WebStorm 2022.1.4\jbr\bin\java.exe
0x00007fffedab0000 - 0x00007fffedcc4000 	C:\WINDOWS\SYSTEM32\ntdll.dll
0x00007fffecce0000 - 0x00007fffecda2000 	C:\WINDOWS\System32\KERNEL32.DLL
0x00007fffeb1e0000 - 0x00007fffeb57c000 	C:\WINDOWS\System32\KERNELBASE.dll
0x00007fffeaee0000 - 0x00007fffeaff1000 	C:\WINDOWS\System32\ucrtbase.dll
0x00007fffe2ff0000 - 0x00007fffe3007000 	C:\Program Files\JetBrains\WebStorm 2022.1.4\jbr\bin\jli.dll
0x00007fffe2fb0000 - 0x00007fffe2fcb000 	C:\Program Files\JetBrains\WebStorm 2022.1.4\jbr\bin\VCRUNTIME140.dll
0x00007fffecdb0000 - 0x00007fffecf5a000 	C:\WINDOWS\System32\USER32.dll
0x00007fffeb710000 - 0x00007fffeb736000 	C:\WINDOWS\System32\win32u.dll
0x00007fffeda40000 - 0x00007fffeda69000 	C:\WINDOWS\System32\GDI32.dll
0x00007fffd3ce0000 - 0x00007fffd3f6e000 	C:\WINDOWS\WinSxS\amd64_microsoft.windows.common-controls_6595b64144ccf1df_6.0.22621.608_none_a9444ca7c10bb01d\COMCTL32.dll
0x00007fffeb580000 - 0x00007fffeb692000 	C:\WINDOWS\System32\gdi32full.dll
0x00007fffeb140000 - 0x00007fffeb1da000 	C:\WINDOWS\System32\msvcp_win.dll
0x00007fffed470000 - 0x00007fffed517000 	C:\WINDOWS\System32\msvcrt.dll
0x00007fffeb8b0000 - 0x00007fffeb8e1000 	C:\WINDOWS\System32\IMM32.DLL
0x00007fffe6340000 - 0x00007fffe634c000 	C:\Program Files\JetBrains\WebStorm 2022.1.4\jbr\bin\vcruntime140_1.dll
0x00007fffd76f0000 - 0x00007fffd777d000 	C:\Program Files\JetBrains\WebStorm 2022.1.4\jbr\bin\msvcp140.dll
0x00007fff9a4c0000 - 0x00007fff9b129000 	C:\Program Files\JetBrains\WebStorm 2022.1.4\jbr\bin\server\jvm.dll
0x00007fffed520000 - 0x00007fffed5ce000 	C:\WINDOWS\System32\ADVAPI32.dll
0x00007fffec910000 - 0x00007fffec9b4000 	C:\WINDOWS\System32\sechost.dll
0x00007fffec6a0000 - 0x00007fffec7b5000 	C:\WINDOWS\System32\RPCRT4.dll
0x00007fffecbf0000 - 0x00007fffecbf8000 	C:\WINDOWS\System32\PSAPI.DLL
0x00007fffd0b00000 - 0x00007fffd0b09000 	C:\WINDOWS\SYSTEM32\WSOCK32.dll
0x00007fffed5d0000 - 0x00007fffed641000 	C:\WINDOWS\System32\WS2_32.dll
0x00007fffe2a10000 - 0x00007fffe2a1a000 	C:\WINDOWS\SYSTEM32\VERSION.dll
0x00007fffe8440000 - 0x00007fffe8474000 	C:\WINDOWS\SYSTEM32\WINMM.dll
0x00007fffe9f30000 - 0x00007fffe9f48000 	C:\WINDOWS\SYSTEM32\kernel.appcore.dll
0x00007fffe2fe0000 - 0x00007fffe2fea000 	C:\Program Files\JetBrains\WebStorm 2022.1.4\jbr\bin\jimage.dll
0x00007fffe81d0000 - 0x00007fffe83fe000 	C:\WINDOWS\SYSTEM32\DBGHELP.DLL
0x00007fffed650000 - 0x00007fffed9d9000 	C:\WINDOWS\System32\combase.dll
0x00007fffeb8f0000 - 0x00007fffeb9c7000 	C:\WINDOWS\System32\OLEAUT32.dll
0x00007fffe8180000 - 0x00007fffe81b2000 	C:\WINDOWS\SYSTEM32\dbgcore.DLL
0x00007fffeb000000 - 0x00007fffeb07b000 	C:\WINDOWS\System32\bcryptPrimitives.dll
0x00007fffe18e0000 - 0x00007fffe1905000 	C:\Program Files\JetBrains\WebStorm 2022.1.4\jbr\bin\java.dll

dbghelp: loaded successfully - version: 4.0.5 - missing functions: none
symbol engine: initialized successfully - sym options: 0x614 - pdb path: .;C:\Program Files\JetBrains\WebStorm 2022.1.4\jbr\bin;C:\WINDOWS\SYSTEM32;C:\WINDOWS\WinSxS\amd64_microsoft.windows.common-controls_6595b64144ccf1df_6.0.22621.608_none_a9444ca7c10bb01d;C:\Program Files\JetBrains\WebStorm 2022.1.4\jbr\bin\server

VM Arguments:
java_command: git4idea.http.GitAskPassApp Username for 'https://github.com': 
java_class_path (initial): C:/Program Files/JetBrains/WebStorm 2022.1.4/plugins/git4idea/lib/git4idea-rt.jar;C:/Program Files/JetBrains/WebStorm 2022.1.4/lib/externalProcess-rt.jar;C:/Program Files/JetBrains/WebStorm 2022.1.4/lib/app.jar;C:/Program Files/JetBrains/WebStorm 2022.1.4/lib/3rd-party-rt.jar
Launcher Type: SUN_STANDARD

[Global flags]
     intx CICompilerCount                          = 3                                         {product} {ergonomic}
     uint ConcGCThreads                            = 1                                         {product} {ergonomic}
     uint G1ConcRefinementThreads                  = 4                                         {product} {ergonomic}
   size_t G1HeapRegionSize                         = 1048576                                   {product} {ergonomic}
    uintx GCDrainStackTargetSize                   = 64                                        {product} {ergonomic}
   size_t InitialHeapSize                          = 100663296                                 {product} {ergonomic}
   size_t MarkStackSize                            = 4194304                                   {product} {ergonomic}
   size_t MaxHeapSize                              = 1595932672                                {product} {ergonomic}
   size_t MinHeapDeltaBytes                        = 1048576                                   {product} {ergonomic}
   size_t MinHeapSize                              = 8388608                                   {product} {ergonomic}
    uintx NonNMethodCodeHeapSize                   = 5832780                                {pd product} {ergonomic}
    uintx NonProfiledCodeHeapSize                  = 122912730                              {pd product} {ergonomic}
    uintx ProfiledCodeHeapSize                     = 122912730                              {pd product} {ergonomic}
    uintx ReservedCodeCacheSize                    = 251658240                              {pd product} {ergonomic}
     bool SegmentedCodeCache                       = true                                      {product} {ergonomic}
   size_t SoftMaxHeapSize                          = 1595932672                             {manageable} {ergonomic}
     bool UseCompressedClassPointers               = true                           {product lp64_product} {ergonomic}
     bool UseCompressedOops                        = true                           {product lp64_product} {ergonomic}
     bool UseG1GC                                  = true                                      {product} {ergonomic}
     bool UseLargePagesIndividualAllocation        = false                                  {pd product} {ergonomic}

Logging:
Log output configuration:
 #0: stdout all=warning uptime,level,tags
 #1: stderr all=off uptime,level,tags

Environment Variables:
PATH=C:\Program Files\Git\mingw64\libexec\git-core;C:\Program Files\Git\mingw64\libexec\git-core;C:\Program Files\Git\mingw64\bin;C:\Program Files\Git\usr\bin;C:\Users\dfern\bin;C:\WINDOWS\system32;C:\WINDOWS;C:\WINDOWS\System32\Wbem;C:\WINDOWS\System32\WindowsPowerShell\v1.0;C:\WINDOWS\System32\OpenSSH;C:\Program Files\Java\jdk-19\bin;C:\Program Files\Git\cmd;C:\Program Files (x86)\Java\jre1.8.0_351\bin;C:\ProgramData\Oracle\Java\javapath;C:\Program Files (x86)\Common Files\Oracle\Java\javapath;C:\Program Files\Common Files\Oracle\Java\javapath;C:\MinGW\bin;C:\Users\dfern\AppData\Local\Programs\Python\Python310\Scripts;C:\Users\dfern\AppData\Local\Programs\Python\Python310;C:\Users\dfern\AppData\Local\Microsoft\WindowsApps;C:\Users\dfern\AppData\Local\Programs\Microsoft VS Code\bin;C:\Users\dfern\AppData\Local\gitkraken\bin;C:\Program Files\JetBrains\IntelliJ IDEA 2022.1.4\bin;C:\Program Files\JetBrains\DataGrip 2022.2\bin;C:\Program Files\JetBrains\PyCharm 2022.1.4\bin;C:\Program Files\JetBrains\GoLand 2022.1.4\bin;C:\Program Files\JetBrains\WebStorm 2022.1.4\bin;C:\Program Files (x86)\Nmap;C:\Users\dfern\AppData\Local\Microsoft\WindowsApps
USERNAME=dfern
DISPLAY=:0.0
LC_ALL=en_US.UTF-8
TERM=xterm-256color
TMPDIR=C:\Users\dfern\AppData\Local\Temp
OS=Windows_NT
PROCESSOR_IDENTIFIER=AMD64 Family 23 Model 24 Stepping 1, AuthenticAMD
TMP=C:\Users\dfern\AppData\Local\Temp
TEMP=C:\Users\dfern\AppData\Local\Temp



---------------  S Y S T E M  ---------------

OS:
 Windows 11 , 64 bit Build 22621 (10.0.22621.608)
OS uptime: 3 days 6:32 hours
Hyper-V role detected

CPU: total 4 (initial active 4) (4 cores per cpu, 2 threads per core) family 23 model 24 stepping 1 microcode 0x0, cx8, cmov, fxsr, ht, mmx, 3dnowpref, sse, sse2, sse3, ssse3, sse4a, sse4.1, sse4.2, popcnt, lzcnt, tsc, tscinvbit, avx, avx2, aes, clmul, bmi1, bmi2, adx, sha, fma, vzeroupper, clflush, clflushopt, hv

Memory: 4k page, system-wide physical 6080M (300M free)
TotalPageFile size 24512M (AvailPageFile size 8M)
current process WorkingSet (physical memory assigned to process): 10M, peak: 10M
current process commit charge ("private bytes"): 48M, peak: 49M

vm_info: OpenJDK 64-Bit Server VM (17.0.4.1+7-b469.62) for windows-amd64 JRE (17.0.4.1+7-b469.62), built on 2022-09-22 by "builduser" with MS VC++ 16.10 / 16.11 (VS2019)

END.
